0.06 0
1 0 0.00507173 2.37295e-05 2.57225e-05
1 1 0.0838243 0.0144629 0.00041375
1 2 0.524099 0.0599119 0.0108607
1 3 0.863722 0.110663 0.00768819
1 4 1.1253 0.146922 0.00288435
1 5 1.79485 0.180671 0.0137762
1 6 2.1828 0.247409 0.030508
1 7 1.99725 0.193428 0.0140398
1 8 2.33817 0.203651 0.0244889
1 9 1.98157 0.192453 0.0144264
1 10 2.1415 0.187979 0.0294409
1 11 1.75833 0.1849 0.0092268
1 12 1.83758 0.183588 0.0142694
1 13 1.67416 0.168014 0.0174387
1 14 1.49894 0.161086 0.0126669
1 15 1.29079 0.145131 0.0118027
1 16 1.32848 0.133302 0.0218611
1 17 1.10884 0.137619 0.00694562
1 18 0.908713 0.118533 0.00648994
1 19 0.825792 0.108628 0.00686799
1 20 0.790607 0.096138 0.0107213
1 21 0.612667 0.0967593 0.00146108
1 22 0.716648 0.0767003 0.0155799
1 23 0.451719 0.0773154 0.000867649
1 24 0.397261 0.0695613 0.000805929
1 25 2.56744 0.214414 0.0250619
2 0 0.000217533 3.86818e-10 4.73205e-08
2 1 0.0561509 0.00867834 0.000284621
2 2 0.727297 0.0891127 0.233694
2 3 0.342249 0.0600371 0.000973868
2 4 0.573095 0.0917798 0.00143199
2 5 0.975094 0.106962 0.015907
2 6 0.846731 0.121631 0.00209377
2 7 1.232 0.131075 0.0170122
2 8 1.10973 0.137889 0.00680085
2 9 1.26748 0.142733 0.012167
2 10 1.05645 0.132875 0.00682293
2 11 1.36041 0.135177 0.0247779
2 12 0.943939 0.131296 0.00234893
2 13 1.03183 0.121709 0.0113606
2 14 0.767059 0.115381 0.00121443
2 15 0.901543 0.10669 0.0116636
2 16 0.839416 0.10043 0.0113385
2 17 0.963287 0.0970318 0.0208641
2 18 0.727263 0.0959962 0.00706347
2 19 0.805096 0.0472836 0.0672036
2 20 0.482948 0.0818956 0.000799904
2 21 0.560468 0.0750369 0.00673112
2 22 0.402223 0.0567039 0.00521804
2 23 0.401244 0.0547749 0.00571596
2 24 0.42628 0.0466002 0.0101377
2 25 2.60154 0.199446 0.0488655
3 0 0.17068 0.0254018 0.0155198
3 1 1.42182 0.169173 0.199806
3 2 76.2739 8.02399 7.97226
3 3 221.17 24.7285 24.7224
3 4 339.31 38.0901 38.0771
3 5 394.813 40.9217 40.8471
3 6 417.369 47.1794 47.099
3 7 386.89 44.6325 44.5806
3 8 322.593 38.7951 38.7625
3 9 255.224 30.5417 30.5412
3 10 203.818 25.5221 25.5328
3 11 154.798 20.0807 20.0981
3 12 104.161 12.2193 12.2226
3 13 70.5554 7.0991 7.04476
3 14 47.3489 5.86858 5.84564
3 15 37.3097 4.93165 4.87915
3 16 23.4346 3.04686 3.04847
3 17 15.2935 1.95231 1.94225
3 18 10.0806 1.05417 0.989883
3 19 8.95592 1.88894 1.97513
3 20 4.42442 0.387091 0.283839
3 21 3.23673 0.314153 0.243081
3 22 2.02293 0.205461 0.11909
3 23 1.71523 0.196775 0.164312
3 24 1.09928 0.126854 0.0613753
3 25 6.64547 0.523354 0.390233
4 0 1.80582 0.201095 0.189938
4 1 16.7964 1.98645 1.98122
4 2 221.43 26.3111 26.3147
4 3 548.933 66.7036 66.4574
4 4 831.365 101.325 100.592
4 5 928.221 112.573 111.673
4 6 915.401 116.442 115.516
4 7 817.219 100.547 99.7211
4 8 691.699 83.9781 83.6553
4 9 556.825 73.4478 73.2313
4 10 414.694 48.8028 48.7008
4 11 309.461 38.2741 38.2511
4 12 209.828 21.7358 21.7264
4 13 155.949 19.6622 19.6777
4 14 101.907 9.47263 9.43281
4 15 82.0902 9.3887 9.38569
4 16 55.2017 5.55804 5.51521
4 17 38.5138 3.44622 3.33346
4 18 31.2314 3.22438 3.18154
4 19 22.8726 2.39051 2.34399
4 20 17.2066 1.93476 1.89556
4 21 15.797 2.02916 1.95531
4 22 12.7898 1.41952 1.38322
4 23 9.24677 0.765405 0.677573
4 24 7.42075 0.926637 0.924257
4 25 42.7335 3.95957 3.86199
5 0 87.1162 5.73161 5.63653
5 1 66.3858 4.1642 4.04905
5 2 43.5492 3.03056 2.91775
5 3 25.7172 1.69675 1.56092
5 4 14.5782 1.2335 1.14464
5 5 8.2892 0.632849 0.505661
5 6 4.44731 0.382885 0.273158
5 7 2.92002 0.27182 0.171099
5 8 2.63951 0.264603 0.167631
5 9 1.0926 0.125691 0.0634176
5 10 6.02068 0.487754 0.368737
6 0 161.073 11.3367 11.2446
6 1 119.445 8.35403 8.28544
6 2 77.3111 5.26338 5.17763
6 3 45.3298 3.91339 3.84855
6 4 24.1123 1.64657 1.52041
6 5 13.4329 0.957961 0.826586
6 6 11.0327 0.871067 0.773454
6 7 6.07144 0.487459 0.365524
6 8 4.49353 0.382466 0.26802
6 9 3.48609 0.315919 0.215318
6 10 13.8422 1.07049 0.969748
7 0 205.592 18.8129 18.8279
7 1 118.586 9.03083 8.99301
7 2 75.6573 6.13729 6.09782
7 3 48.9375 3.95971 3.91421
7 4 31.437 2.70228 2.66408
7 5 19.6431 2.06561 2.07147
7 6 11.657 1.05326 1.02231
7 7 6.75198 0.668239 0.663574
7 8 4.55463 0.449279 0.448816
7 9 4.36923 0.437841 0.441818
7 10 17.7755 1.63569 1.61766
