2.97 0
1 0 0.00507173 2.37295e-05 2.57225e-05
1 1 0.697493 0.0737528 0.0233386
1 2 2.6705 0.212377 0.076586
1 3 2.81649 0.230137 0.034684
1 4 2.54612 0.226614 0.0143674
1 5 2.88991 0.235147 0.0199452
1 6 2.84723 0.288729 0.0342607
1 7 2.28268 0.208614 0.0155363
1 8 2.4573 0.209816 0.0251933
1 9 2.00194 0.193637 0.0145137
1 10 2.15108 0.188566 0.0294736
1 11 1.76493 0.185305 0.00924825
1 12 1.83936 0.183702 0.0142733
1 13 1.6774 0.168237 0.0174527
1 14 1.49907 0.161096 0.0126669
1 15 1.29124 0.14517 0.011803
1 16 1.33058 0.133483 0.0218721
1 17 1.10884 0.137619 0.00694562
1 18 0.908833 0.118546 0.00649002
1 19 0.825792 0.108628 0.00686799
1 20 0.790607 0.096138 0.0107213
1 21 0.612667 0.0967593 0.00146108
1 22 0.716648 0.0767003 0.0155799
1 23 0.451719 0.0773154 0.000867649
1 24 0.397261 0.0695613 0.000805929
1 25 2.56744 0.214414 0.0250619
2 0 0.000217533 3.86818e-10 4.73205e-08
2 1 0.0749568 0.0128557 0.000364513
2 2 0.878166 0.0745445 0.234761
2 3 0.737733 0.0893907 0.0126507
2 4 0.835709 0.118258 0.00338742
2 5 1.16982 0.126055 0.0167866
2 6 0.933369 0.129946 0.0023781
2 7 1.27936 0.135307 0.0171745
2 8 1.12715 0.139416 0.00685515
2 9 1.27225 0.143142 0.0121785
2 10 1.05696 0.132925 0.00682333
2 11 1.36065 0.135199 0.0247781
2 12 0.944223 0.131324 0.0023491
2 13 1.03234 0.121759 0.0113621
2 14 0.767059 0.115381 0.00121443
2 15 0.901543 0.10669 0.0116636
2 16 0.839416 0.10043 0.0113385
2 17 0.963959 0.0971105 0.020865
2 18 0.727263 0.0959962 0.00706347
2 19 0.805096 0.0472836 0.0672036
2 20 0.482948 0.0818956 0.000799904
2 21 0.560468 0.0750369 0.00673112
2 22 0.402223 0.0567039 0.00521804
2 23 0.401244 0.0547749 0.00571596
2 24 0.42628 0.0466002 0.0101377
2 25 2.60212 0.199478 0.0488673
3 0 0.17068 0.0254018 0.0155198
3 1 1.42182 0.169173 0.199806
3 2 76.2739 8.02399 7.97226
3 3 221.17 24.7285 24.7224
3 4 339.31 38.0901 38.0771
3 5 394.813 40.9217 40.8471
3 6 417.369 47.1794 47.099
3 7 386.89 44.6325 44.5806
3 8 322.593 38.7951 38.7625
3 9 255.224 30.5417 30.5412
3 10 203.818 25.5221 25.5328
3 11 154.798 20.0807 20.0981
3 12 104.161 12.2193 12.2226
3 13 70.5554 7.0991 7.04476
3 14 47.3489 5.86858 5.84564
3 15 37.3097 4.93165 4.87915
3 16 23.4346 3.04686 3.04847
3 17 15.2935 1.95231 1.94225
3 18 10.0806 1.05417 0.989883
3 19 8.95592 1.88894 1.97513
3 20 4.42442 0.387091 0.283839
3 21 3.23673 0.314153 0.243081
3 22 2.02293 0.205461 0.11909
3 23 1.71523 0.196775 0.164312
3 24 1.09928 0.126854 0.0613753
3 25 6.64547 0.523354 0.390233
4 0 1.80582 0.201095 0.189938
4 1 16.7964 1.98645 1.98122
4 2 221.43 26.3111 26.3147
4 3 548.933 66.7036 66.4574
4 4 831.365 101.325 100.592
4 5 928.221 112.573 111.673
4 6 915.401 116.442 115.516
4 7 817.219 100.547 99.7211
4 8 691.699 83.9781 83.6553
4 9 556.825 73.4478 73.2313
4 10 414.694 48.8028 48.7008
4 11 309.461 38.2741 38.2511
4 12 209.828 21.7358 21.7264
4 13 155.949 19.6622 19.6777
4 14 101.907 9.47263 9.43281
4 15 82.0902 9.3887 9.38569
4 16 55.2017 5.55804 5.51521
4 17 38.5138 3.44622 3.33346
4 18 31.2314 3.22438 3.18154
4 19 22.8726 2.39051 2.34399
4 20 17.2066 1.93476 1.89556
4 21 15.797 2.02916 1.95531
4 22 12.7898 1.41952 1.38322
4 23 9.24677 0.765405 0.677573
4 24 7.42075 0.926637 0.924257
4 25 42.7335 3.95957 3.86199
5 0 87.1162 5.73161 5.63653
5 1 66.3858 4.1642 4.04905
5 2 43.5492 3.03056 2.91775
5 3 25.7172 1.69675 1.56092
5 4 14.5782 1.2335 1.14464
5 5 8.2892 0.632849 0.505661
5 6 4.44731 0.382885 0.273158
5 7 2.92002 0.27182 0.171099
5 8 2.63951 0.264603 0.167631
5 9 1.0926 0.125691 0.0634176
5 10 6.02068 0.487754 0.368737
6 0 161.073 11.3367 11.2446
6 1 119.445 8.35403 8.28544
6 2 77.3111 5.26338 5.17763
6 3 45.3298 3.91339 3.84855
6 4 24.1123 1.64657 1.52041
6 5 13.4329 0.957961 0.826586
6 6 11.0327 0.871067 0.773454
6 7 6.07144 0.487459 0.365524
6 8 4.49353 0.382466 0.26802
6 9 3.48609 0.315919 0.215318
6 10 13.8422 1.07049 0.969748
7 0 205.592 18.8129 18.8279
7 1 118.586 9.03083 8.99301
7 2 75.6573 6.13729 6.09782
7 3 48.9375 3.95971 3.91421
7 4 31.437 2.70228 2.66408
7 5 19.6431 2.06561 2.07147
7 6 11.657 1.05326 1.02231
7 7 6.75198 0.668239 0.663574
7 8 4.55463 0.449279 0.448816
7 9 4.36923 0.437841 0.441818
7 10 17.7755 1.63569 1.61766
